[12-Jan-2020 05:42:44] NOTICE: fpm is running, pid 1041
[12-Jan-2020 05:42:44] NOTICE: ready to handle connections
[12-Jan-2020 05:51:59] NOTICE: fpm is running, pid 556
[12-Jan-2020 05:51:59] NOTICE: ready to handle connections
[02-Feb-2020 22:31:38] NOTICE: fpm is running, pid 559
[02-Feb-2020 22:31:38] NOTICE: ready to handle connections
[08-Feb-2020 18:26:05] NOTICE: fpm is running, pid 563
[08-Feb-2020 18:26:05] NOTICE: ready to handle connections
[08-Feb-2020 18:47:32] NOTICE: fpm is running, pid 590
[08-Feb-2020 18:47:32] NOTICE: ready to handle connections
[17-Feb-2020 20:48:18] NOTICE: fpm is running, pid 657
[17-Feb-2020 20:48:18] NOTICE: ready to handle connections
[27-Feb-2020 01:10:35] NOTICE: fpm is running, pid 547
[27-Feb-2020 01:10:35] NOTICE: ready to handle connections
[28-Feb-2020 23:16:29] NOTICE: fpm is running, pid 605
[28-Feb-2020 23:16:29] NOTICE: ready to handle connections
[27-Mar-2020 17:39:31] NOTICE: fpm is running, pid 612
[27-Mar-2020 17:39:31] NOTICE: ready to handle connections
[05-Apr-2020 02:44:54] NOTICE: fpm is running, pid 604
[05-Apr-2020 02:44:54] NOTICE: ready to handle connections
[05-Apr-2020 04:23:43] NOTICE: fpm is running, pid 592
[05-Apr-2020 04:23:43] NOTICE: ready to handle connections
